[2025-08-24 23:49:56] 开始处理目录: D:\Docusaurus\my-website\static\img\TEST
[2025-08-24 23:49:58] 开始处理目录: D:\Docusaurus\my-website\static\img\TEST
[2025-08-24 23:49:59] 跳过压缩: KUIHY1.jpg (无法有效压缩)
[2025-08-24 23:50:01] 跳过压缩: KUIHY10.jpg (无法有效压缩)
[2025-08-24 23:50:02] 跳过压缩: KUIHY11.jpg (无法有效压缩)
[2025-08-24 23:50:03] 跳过压缩: KUIHY12.jpg (无法有效压缩)
[2025-08-24 23:50:05] 跳过压缩: KUIHY13.jpg (无法有效压缩)
[2025-08-24 23:50:06] 跳过压缩: KUIHY14.jpg (无法有效压缩)
[2025-08-24 23:50:08] 跳过压缩: KUIHY15.jpg (无法有效压缩)
[2025-08-24 23:50:09] 跳过压缩: KUIHY16.jpg (无法有效压缩)
[2025-08-24 23:50:10] 跳过压缩: KUIHY17.jpg (无法有效压缩)
[2025-08-24 23:50:11] 跳过压缩: KUIHY18.jpg (无法有效压缩)
[2025-08-24 23:50:13] 跳过压缩: KUIHY2.jpg (无法有效压缩)
[2025-08-24 23:50:14] 跳过压缩: KUIHY3.jpg (无法有效压缩)
[2025-08-24 23:50:15] 跳过压缩: KUIHY4.jpg (无法有效压缩)
[2025-08-24 23:50:17] 跳过压缩: KUIHY5.jpg (无法有效压缩)
[2025-08-24 23:50:18] 跳过压缩: KUIHY6.jpg (无法有效压缩)
[2025-08-24 23:50:19] 跳过压缩: KUIHY7.jpg (无法有效压缩)
[2025-08-24 23:50:20] 跳过压缩: KUIHY8.jpg (无法有效压缩)
[2025-08-24 23:50:22] 跳过压缩: KUIHY9.jpg (无法有效压缩)
[2025-08-24 23:50:22] 重命名: KUIHY1.jpg -> KKIJ1.jpg
[2025-08-24 23:50:22] 重命名: KUIHY10.jpg -> KKIJ2.jpg
[2025-08-24 23:50:22] 重命名: KUIHY11.jpg -> KKIJ3.jpg
[2025-08-24 23:50:22] 重命名: KUIHY12.jpg -> KKIJ4.jpg
[2025-08-24 23:50:22] 重命名: KUIHY13.jpg -> KKIJ5.jpg
[2025-08-24 23:50:22] 重命名: KUIHY14.jpg -> KKIJ6.jpg
[2025-08-24 23:50:22] 重命名: KUIHY15.jpg -> KKIJ7.jpg
[2025-08-24 23:50:22] 重命名: KUIHY16.jpg -> KKIJ8.jpg
[2025-08-24 23:50:22] 重命名: KUIHY17.jpg -> KKIJ9.jpg
[2025-08-24 23:50:22] 重命名: KUIHY18.jpg -> KKIJ10.jpg
[2025-08-24 23:50:22] 重命名: KUIHY2.jpg -> KKIJ11.jpg
[2025-08-24 23:50:22] 重命名: KUIHY3.jpg -> KKIJ12.jpg
[2025-08-24 23:50:22] 重命名: KUIHY4.jpg -> KKIJ13.jpg
[2025-08-24 23:50:22] 重命名: KUIHY5.jpg -> KKIJ14.jpg
[2025-08-24 23:50:22] 重命名: KUIHY6.jpg -> KKIJ15.jpg
[2025-08-24 23:50:22] 重命名: KUIHY7.jpg -> KKIJ16.jpg
[2025-08-24 23:50:22] 重命名: KUIHY8.jpg -> KKIJ17.jpg
[2025-08-24 23:50:22] 重命名: KUIHY9.jpg -> KKIJ18.jpg
[2025-08-24 23:50:22] 重命名完成: 18 个文件已重命名
[2025-08-24 23:50:22] 
=== 处理总结 ===
[2025-08-24 23:50:22] 处理图片数量: 18 张
[2025-08-24 23:50:22] 处理前文件夹大小: 1.1 MB
[2025-08-24 23:50:22] 处理后文件夹大小: 1.1 MB
[2025-08-24 23:50:22] 处理总耗时: 23秒
[2025-08-24 23:50:22] 总体压缩率: 0.0%
[2025-08-24 23:50:22] 提示: 压缩率较低可能是因为图片已经过压缩或图片本身质量较高
[2025-08-24 23:50:22] 处理完成，总耗时: 23秒
