[2025-08-25 00:11:39] 开始处理目录: D:\Docusaurus\my-website\static\img\TEST2
[2025-08-25 00:11:42] 开始处理目录: D:\Docusaurus\my-website\static\img\TEST2
[2025-08-25 00:11:42] 转换成功: Screenshot 2024-12-01 200725.png -> Screenshot 2024-12-01 200725.jpg
[2025-08-25 00:11:43] 转换成功: Screenshot 2024-12-01 200941.png -> Screenshot 2024-12-01 200941.jpg
[2025-08-25 00:11:43] 转换成功: Screenshot 2024-12-02 144236.png -> Screenshot 2024-12-02 144236.jpg
[2025-08-25 00:11:44] 转换成功: Screenshot 2025-03-01 190138.png -> Screenshot 2025-03-01 190138.jpg
[2025-08-25 00:11:44] 转换完成: 4 个文件已转换为JPG格式 (耗时: 2秒)
[2025-08-25 00:11:45] 压缩成功: Screenshot 2024-12-01 200725.jpg (609.2 KB -> 122.0 KB, 压缩率: 80.0%)
[2025-08-25 00:11:47] 压缩成功: Screenshot 2024-12-01 200941.jpg (786.3 KB -> 153.8 KB, 压缩率: 80.4%)
[2025-08-25 00:11:48] 压缩成功: Screenshot 2024-12-02 144236.jpg (653.2 KB -> 118.6 KB, 压缩率: 81.8%)
[2025-08-25 00:11:50] 压缩成功: Screenshot 2025-03-01 190138.jpg (530.4 KB -> 122.2 KB, 压缩率: 77.0%)
[2025-08-25 00:11:51] 跳过压缩: XXD1.jpg (无法有效压缩)
[2025-08-25 00:11:52] 跳过压缩: XXD10.jpg (无法有效压缩)
[2025-08-25 00:11:54] 跳过压缩: XXD2.jpg (无法有效压缩)
[2025-08-25 00:11:55] 跳过压缩: XXD3.jpg (无法有效压缩)
[2025-08-25 00:11:57] 跳过压缩: XXD5.jpg (无法有效压缩)
[2025-08-25 00:11:58] 跳过压缩: XXD6.jpg (无法有效压缩)
[2025-08-25 00:11:59] 跳过压缩: XXD7.jpg (无法有效压缩)
[2025-08-25 00:12:01] 跳过压缩: XXD8.jpg (无法有效压缩)
[2025-08-25 00:12:02] 跳过压缩: XXD9.jpg (无法有效压缩)
[2025-08-25 00:12:02] 压缩完成: 4 个文件被压缩，平均压缩率: 79.8% (耗时: 18秒)
[2025-08-25 00:12:02] 重命名: Screenshot 2024-12-01 200725.jpg -> FTEST1.jpg
[2025-08-25 00:12:02] 重命名: Screenshot 2024-12-01 200941.jpg -> FTEST2.jpg
[2025-08-25 00:12:02] 重命名: Screenshot 2024-12-02 144236.jpg -> FTEST3.jpg
[2025-08-25 00:12:02] 重命名: Screenshot 2025-03-01 190138.jpg -> FTEST4.jpg
[2025-08-25 00:12:02] 重命名: XXD1.jpg -> FTEST5.jpg
[2025-08-25 00:12:02] 重命名: XXD10.jpg -> FTEST6.jpg
[2025-08-25 00:12:02] 重命名: XXD2.jpg -> FTEST7.jpg
[2025-08-25 00:12:02] 重命名: XXD3.jpg -> FTEST8.jpg
[2025-08-25 00:12:02] 重命名: XXD5.jpg -> FTEST9.jpg
[2025-08-25 00:12:02] 重命名: XXD6.jpg -> FTEST10.jpg
[2025-08-25 00:12:02] 重命名: XXD7.jpg -> FTEST11.jpg
[2025-08-25 00:12:02] 重命名: XXD8.jpg -> FTEST12.jpg
[2025-08-25 00:12:02] 重命名: XXD9.jpg -> FTEST13.jpg
[2025-08-25 00:12:02] 重命名完成: 13 个文件已重命名
[2025-08-25 00:12:02] 
=== 处理总结 ===
[2025-08-25 00:12:02] 处理图片数量: 13 张
[2025-08-25 00:12:02] 处理前文件夹大小: 20.2 MB
[2025-08-25 00:12:02] 处理后文件夹大小: 1.3 MB
[2025-08-25 00:12:02] 处理总耗时: 20秒
[2025-08-25 00:12:02] 总体压缩率: 93.8%
[2025-08-25 00:12:02] 提示: 压缩效果显著，有效减小了文件大小
[2025-08-25 00:12:02] 处理完成，总耗时: 20秒
